# JRE version: Java(TM) SE Runtime Environment (8.0_221-b11) (build 1.8.0_221-b11)
# Java VM: Java HotSpot(TM) 64-Bit Server VM (25.221-b11 mixed mode linux-amd64 compressed oops)
Heap:
 PSYoungGen      total 134144K, used 9200K [0x00000000d7900000, 0x00000000e0500000, 0x0000000100000000)
  eden space 124928K, 0% used [0x00000000d7900000,0x00000000d7900000,0x00000000df300000)
  from space 9216K, 99% used [0x00000000df300000,0x00000000dfbfc010,0x00000000dfc00000)
  to   space 9216K, 0% used [0x00000000dfc00000,0x00000000dfc00000,0x00000000e0500000)
 ParOldGen       total 83456K, used 24010K [0x0000000086a00000, 0x000000008bb80000, 0x00000000d7900000)
  object space 83456K, 28% used [0x0000000086a00000,0x00000000881728c8,0x000000008bb80000)
 Metaspace       used 20688K, capacity 21132K, committed 21296K, reserved 1069056K
  class space    used 2435K, capacity 2600K, committed 2688K, reserved 1048576K
GC Heap History (10 events):
Event: 2.561 GC heap after
Heap after GC invocations=2 (full 0):
 PSYoungGen      total 36352K, used 5106K [0x00000000d7900000, 0x00000000dc000000, 0x0000000100000000)
  eden space 31232K, 0% used [0x00000000d7900000,0x00000000d7900000,0x00000000d9780000)
  from space 5120K, 99% used [0x00000000d9c80000,0x00000000da17c9e0,0x00000000da180000)
  to   space 5120K, 0% used [0x00000000d9780000,0x00000000d9780000,0x00000000d9c80000)
 ParOldGen       total 83456K, used 1301K [0x0000000086a00000, 0x000000008bb80000, 0x00000000d7900000)
  object space 83456K, 1% used [0x0000000086a00000,0x0000000086b45770,0x000000008bb80000)
 Metaspace       used 12400K, capacity 12670K, committed 12928K, reserved 1060864K
  class space    used 1531K, capacity 1620K, committed 1664K, reserved 1048576K
}
Event: 3.069 GC heap before
{Heap before GC invocations=3 (full 0):
 PSYoungGen      total 36352K, used 36338K [0x00000000d7900000, 0x00000000dc000000, 0x0000000100000000)
  eden space 31232K, 100% used [0x00000000d7900000,0x00000000d9780000,0x00000000d9780000)
  from space 5120K, 99% used [0x00000000d9c80000,0x00000000da17c9e0,0x00000000da180000)
  to   space 5120K, 0% used [0x00000000d9780000,0x00000000d9780000,0x00000000d9c80000)
 ParOldGen       total 83456K, used 1301K [0x0000000086a00000, 0x000000008bb80000, 0x00000000d7900000)
  object space 83456K, 1% used [0x0000000086a00000,0x0000000086b45770,0x000000008bb80000)
 Metaspace       used 13374K, capacity 13660K, committed 13824K, reserved 1060864K
  class space    used 1629K, capacity 1758K, committed 1792K, reserved 1048576K
Event: 3.093 GC heap after
Heap after GC invocations=3 (full 0):
 PSYoungGen      total 36352K, used 5104K [0x00000000d7900000, 0x00000000dc000000, 0x0000000100000000)
  eden space 31232K, 0% used [0x00000000d7900000,0x00000000d7900000,0x00000000d9780000)
  from space 5120K, 99% used [0x00000000d9780000,0x00000000d9c7c030,0x00000000d9c80000)
  to   space 5120K, 0% used [0x00000000dbb00000,0x00000000dbb00000,0x00000000dc000000)
 ParOldGen       total 83456K, used 2364K [0x0000000086a00000, 0x000000008bb80000, 0x00000000d7900000)
  object space 83456K, 2% used [0x0000000086a00000,0x0000000086c4f3c0,0x000000008bb80000)
 Metaspace       used 13374K, capacity 13660K, committed 13824K, reserved 1060864K
  class space    used 1629K, capacity 1758K, committed 1792K, reserved 1048576K
}
Event: 3.767 GC heap before
{Heap before GC invocations=4 (full 0):
 PSYoungGen      total 36352K, used 36336K [0x00000000d7900000, 0x00000000dc000000, 0x0000000100000000)
  eden space 31232K, 100% used [0x00000000d7900000,0x00000000d9780000,0x00000000d9780000)
  from space 5120K, 99% used [0x00000000d9780000,0x00000000d9c7c030,0x00000000d9c80000)
  to   space 5120K, 0% used [0x00000000dbb00000,0x00000000dbb00000,0x00000000dc000000)
 ParOldGen       total 83456K, used 2364K [0x0000000086a00000, 0x000000008bb80000, 0x00000000d7900000)
  object space 83456K, 2% used [0x0000000086a00000,0x0000000086c4f3c0,0x000000008bb80000)
 Metaspace       used 13559K, capacity 13952K, committed 14080K, reserved 1060864K
  class space    used 1632K, capacity 1764K, committed 1792K, reserved 1048576K
Event: 3.808 GC heap after
Heap after GC invocations=4 (full 0):
 PSYoungGen      total 67584K, used 5088K [0x00000000d7900000, 0x00000000dc000000, 0x0000000100000000)
  eden space 62464K, 0% used [0x00000000d7900000,0x00000000d7900000,0x00000000db600000)
  from space 5120K, 99% used [0x00000000dbb00000,0x00000000dbff8020,0x00000000dc000000)
  to   space 5120K, 0% used [0x00000000db600000,0x00000000db600000,0x00000000dbb00000)
 ParOldGen       total 83456K, used 4536K [0x0000000086a00000, 0x000000008bb80000, 0x00000000d7900000)
  object space 83456K, 5% used [0x0000000086a00000,0x0000000086e6e3d0,0x000000008bb80000)
 Metaspace       used 13559K, capacity 13952K, committed 14080K, reserved 1060864K
  class space    used 1632K, capacity 1764K, committed 1792K, reserved 1048576K
}
Event: 4.445 GC heap before
{Heap before GC invocations=5 (full 0):
 PSYoungGen      total 67584K, used 67552K [0x00000000d7900000, 0x00000000dc000000, 0x0000000100000000)
  eden space 62464K, 100% used [0x00000000d7900000,0x00000000db600000,0x00000000db600000)
  from space 5120K, 99% used [0x00000000dbb00000,0x00000000dbff8020,0x00000000dc000000)
  to   space 5120K, 0% used [0x00000000db600000,0x00000000db600000,0x00000000dbb00000)
 ParOldGen       total 83456K, used 4536K [0x0000000086a00000, 0x000000008bb80000, 0x00000000d7900000)
  object space 83456K, 5% used [0x0000000086a00000,0x0000000086e6e3d0,0x000000008bb80000)
 Metaspace       used 13885K, capacity 14290K, committed 14336K, reserved 1062912K
  class space    used 1634K, capacity 1767K, committed 1792K, reserved 1048576K
Event: 4.463 GC heap after
Heap after GC invocations=5 (full 0):
 PSYoungGen      total 67584K, used 5104K [0x00000000d7900000, 0x00000000e0500000, 0x0000000100000000)
  eden space 62464K, 0% used [0x00000000d7900000,0x00000000d7900000,0x00000000db600000)
  from space 5120K, 99% used [0x00000000db600000,0x00000000dbafc010,0x00000000dbb00000)
  to   space 9216K, 0% used [0x00000000dfc00000,0x00000000dfc00000,0x00000000e0500000)
 ParOldGen       total 83456K, used 6904K [0x0000000086a00000, 0x000000008bb80000, 0x00000000d7900000)
  object space 83456K, 8% used [0x0000000086a00000,0x00000000870be3d0,0x000000008bb80000)
 Metaspace       used 13885K, capacity 14290K, committed 14336K, reserved 1062912K
  class space    used 1634K, capacity 1767K, committed 1792K, reserved 1048576K
}
Event: 5.147 GC heap before
{Heap before GC invocations=6 (full 0):
 PSYoungGen      total 67584K, used 67568K [0x00000000d7900000, 0x00000000e0500000, 0x0000000100000000)
  eden space 62464K, 100% used [0x00000000d7900000,0x00000000db600000,0x00000000db600000)
  from space 5120K, 99% used [0x00000000db600000,0x00000000dbafc010,0x00000000dbb00000)
  to   space 9216K, 0% used [0x00000000dfc00000,0x00000000dfc00000,0x00000000e0500000)
 ParOldGen       total 83456K, used 6904K [0x0000000086a00000, 0x000000008bb80000, 0x00000000d7900000)
  object space 83456K, 8% used [0x0000000086a00000,0x00000000870be3d0,0x000000008bb80000)
 Metaspace       used 14340K, capacity 14674K, committed 14848K, reserved 1062912K
  class space    used 1652K, capacity 1767K, committed 1792K, reserved 1048576K
Event: 5.206 GC heap after
Heap after GC invocations=6 (full 0):
 PSYoungGen      total 134144K, used 7616K [0x00000000d7900000, 0x00000000e0500000, 0x0000000100000000)
  eden space 124928K, 0% used [0x00000000d7900000,0x00000000d7900000,0x00000000df300000)
  from space 9216K, 82% used [0x00000000dfc00000,0x00000000e0370020,0x00000000e0500000)
  to   space 9216K, 0% used [0x00000000df300000,0x00000000df300000,0x00000000dfc00000)
 ParOldGen       total 83456K, used 6912K [0x0000000086a00000, 0x000000008bb80000, 0x00000000d7900000)
  object space 83456K, 8% used [0x0000000086a00000,0x00000000870c03d0,0x000000008bb80000)
 Metaspace       used 14340K, capacity 14674K, committed 14848K, reserved 1062912K
  class space    used 1652K, capacity 1767K, committed 1792K, reserved 1048576K
}
Event: 7.186 GC heap before
{Heap before GC invocations=7 (full 0):
 PSYoungGen      total 134144K, used 120020K [0x00000000d7900000, 0x00000000e0500000, 0x0000000100000000)
  eden space 124928K, 89% used [0x00000000d7900000,0x00000000de6c5360,0x00000000df300000)
  from space 9216K, 82% used [0x00000000dfc00000,0x00000000e0370020,0x00000000e0500000)
  to   space 9216K, 0% used [0x00000000df300000,0x00000000df300000,0x00000000dfc00000)
 ParOldGen       total 83456K, used 6912K [0x0000000086a00000, 0x000000008bb80000, 0x00000000d7900000)
  object space 83456K, 8% used [0x0000000086a00000,0x00000000870c03d0,0x000000008bb80000)
 Metaspace       used 20688K, capacity 21132K, committed 21296K, reserved 1069056K
  class space    used 2435K, capacity 2600K, committed 2688K, reserved 1048576K

